<?xml version="1.0" encoding="UTF-8"?>
<!-- Generated by org.testng.reporters.JUnitXMLReporter -->
<testsuite ignored="0" hostname="DESKTOP-GE45KKD" failures="0" tests="4" name="Test Cases" time="19.291" errors="0" timestamp="2023-05-10T01:53:40 IST">
  <testcase classname="com.crm.qa.testcases.WebTest" name="navigateToAmazonPage" time="3.53"/>
  <testcase classname="com.crm.qa.testcases.WebTest" name="searchItem" time="3.417"/>
  <testcase classname="com.crm.qa.testcases.WebTest" name="navigateToProductDetailsPage" time="6.983"/>
  <testcase classname="com.crm.qa.testcases.WebTest" name="addtoCart" time="5.297"/>
</testsuite> <!-- Test Cases -->
