<?xml version="1.0" encoding="UTF-8"?>
<!-- Generated by org.testng.reporters.JUnitXMLReporter -->
<testsuite ignored="0" hostname="DESKTOP-GE45KKD" failures="0" tests="3" name="Test Cases" time="99.067" errors="0" timestamp="2022-03-28T13:44:44 IST">
  <testcase classname="com.crm.qa.testcases.LoginPageTest" name="homePageTitleTest" time="30.53"/>
  <testcase classname="com.crm.qa.testcases.LoginPageTest" name="qe1searchTestValidation" time="44.101"/>
  <testcase classname="com.crm.qa.testcases.LoginPageTest" name="qe2searchTestValidation" time="24.361"/>
</testsuite> <!-- Test Cases -->
