<?xml version="1.0" encoding="UTF-8"?>
<testng-results ignored="0" total="4" passed="4" failed="0" skipped="0">
  <reporter-output>
  </reporter-output>
  <suite started-at="2023-05-10T01:53:20 IST" name="Automation Test Suite" finished-at="2023-05-10T01:53:40 IST" duration-ms="19291">
    <groups>
    </groups>
    <test started-at="2023-05-10T01:53:20 IST" name="Test Cases" finished-at="2023-05-10T01:53:40 IST" duration-ms="19291">
      <class name="com.crm.qa.testcases.WebTest">
        <test-method is-config="true" signature="setUp()[pri:0, instance:com.crm.qa.testcases.WebTest@31304f14]" started-at="2023-05-10T01:53:15 IST" name="setUp" finished-at="2023-05-10T01:53:20 IST" duration-ms="5764" status="PASS">
          <reporter-output>
          </reporter-output>
        </test-method> <!-- setUp -->
        <test-method signature="navigateToAmazonPage()[pri:1, instance:com.crm.qa.testcases.WebTest@31304f14]" started-at="2023-05-10T01:53:21 IST" name="navigateToAmazonPage" finished-at="2023-05-10T01:53:24 IST" duration-ms="3530" status="PASS">
          <reporter-output>
          </reporter-output>
        </test-method> <!-- navigateToAmazonPage -->
        <test-method signature="searchItem()[pri:2, instance:com.crm.qa.testcases.WebTest@31304f14]" started-at="2023-05-10T01:53:24 IST" name="searchItem" finished-at="2023-05-10T01:53:27 IST" duration-ms="3417" status="PASS">
          <reporter-output>
          </reporter-output>
        </test-method> <!-- searchItem -->
        <test-method signature="navigateToProductDetailsPage()[pri:3, instance:com.crm.qa.testcases.WebTest@31304f14]" started-at="2023-05-10T01:53:27 IST" name="navigateToProductDetailsPage" finished-at="2023-05-10T01:53:34 IST" duration-ms="6983" status="PASS">
          <reporter-output>
          </reporter-output>
        </test-method> <!-- navigateToProductDetailsPage -->
        <test-method signature="addtoCart()[pri:4, instance:com.crm.qa.testcases.WebTest@31304f14]" started-at="2023-05-10T01:53:34 IST" name="addtoCart" finished-at="2023-05-10T01:53:40 IST" duration-ms="5297" status="PASS">
          <reporter-output>
          </reporter-output>
        </test-method> <!-- addtoCart -->
        <test-method is-config="true" signature="tearDown()[pri:0, instance:com.crm.qa.testcases.WebTest@31304f14]" started-at="2023-05-10T01:53:40 IST" name="tearDown" finished-at="2023-05-10T01:53:41 IST" duration-ms="1079" status="PASS">
          <reporter-output>
          </reporter-output>
        </test-method> <!-- tearDown -->
      </class> <!-- com.crm.qa.testcases.WebTest -->
    </test> <!-- Test Cases -->
  </suite> <!-- Automation Test Suite -->
</testng-results>
