<?xml version="1.0" encoding="UTF-8"?>
<testng-results ignored="0" total="3" passed="3" failed="0" skipped="0">
  <reporter-output>
  </reporter-output>
  <suite started-at="2022-03-28T13:43:05 IST" name="Automation Test Suite" finished-at="2022-03-28T13:44:44 IST" duration-ms="99067">
    <groups>
    </groups>
    <test started-at="2022-03-28T13:43:05 IST" name="Test Cases" finished-at="2022-03-28T13:44:44 IST" duration-ms="99067">
      <class name="com.crm.qa.testcases.LoginPageTest">
        <test-method is-config="true" signature="setUp()[pri:0, instance:com.crm.qa.testcases.LoginPageTest@49139829]" started-at="2022-03-28T13:42:58 IST" name="setUp" finished-at="2022-03-28T13:43:05 IST" duration-ms="6289" status="PASS">
          <reporter-output>
          </reporter-output>
        </test-method> <!-- setUp -->
        <test-method signature="homePageTitleTest()[pri:1, instance:com.crm.qa.testcases.LoginPageTest@49139829]" started-at="2022-03-28T13:43:05 IST" name="homePageTitleTest" finished-at="2022-03-28T13:43:35 IST" duration-ms="30530" status="PASS">
          <reporter-output>
          </reporter-output>
        </test-method> <!-- homePageTitleTest -->
        <test-method signature="qe1searchTestValidation()[pri:2, instance:com.crm.qa.testcases.LoginPageTest@49139829]" started-at="2022-03-28T13:43:35 IST" name="qe1searchTestValidation" finished-at="2022-03-28T13:44:19 IST" duration-ms="44101" status="PASS">
          <reporter-output>
          </reporter-output>
        </test-method> <!-- qe1searchTestValidation -->
        <test-method signature="qe2searchTestValidation()[pri:3, instance:com.crm.qa.testcases.LoginPageTest@49139829]" started-at="2022-03-28T13:44:19 IST" name="qe2searchTestValidation" finished-at="2022-03-28T13:44:44 IST" duration-ms="24361" status="PASS">
          <reporter-output>
          </reporter-output>
        </test-method> <!-- qe2searchTestValidation -->
        <test-method is-config="true" signature="tearDown()[pri:0, instance:com.crm.qa.testcases.LoginPageTest@49139829]" started-at="2022-03-28T13:44:44 IST" name="tearDown" finished-at="2022-03-28T13:44:45 IST" duration-ms="1298" status="PASS">
          <reporter-output>
          </reporter-output>
        </test-method> <!-- tearDown -->
      </class> <!-- com.crm.qa.testcases.LoginPageTest -->
    </test> <!-- Test Cases -->
  </suite> <!-- Automation Test Suite -->
</testng-results>
